[debug] [2024-01-27T11:21:42.813Z] ----------------------------------------------------------------------
[debug] [2024-01-27T11:21:42.816Z] Command:       C:\Program Files\nodejs\node.exe C:\Users\duaed\AppData\Roaming\npm\node_modules\firebase-tools\lib\bin\firebase.js serve
[debug] [2024-01-27T11:21:42.816Z] CLI Version:   13.1.0
[debug] [2024-01-27T11:21:42.817Z] Platform:      win32
[debug] [2024-01-27T11:21:42.817Z] Node Version:  v20.11.0
[debug] [2024-01-27T11:21:42.817Z] Time:          Sat Jan 27 2024 12:21:42 GMT+0100 (Central European Standard Time)
[debug] [2024-01-27T11:21:42.817Z] ----------------------------------------------------------------------
[debug] 
[debug] [2024-01-27T11:21:42.940Z] > command requires scopes: ["email","openid","https://www.googleapis.com/auth/cloudplatformprojects.readonly","https://www.googleapis.com/auth/firebase","https://www.googleapis.com/auth/cloud-platform"]
[debug] [2024-01-27T11:21:42.946Z] > authorizing via signed-in user (duaedin1@gmail.com)
[debug] [2024-01-27T11:21:42.946Z] [iam] checking project ringoffire-e357a for permissions ["firebase.projects.get"]
[debug] [2024-01-27T11:21:42.948Z] >>> [apiv2][query] POST https://cloudresourcemanager.googleapis.com/v1/projects/ringoffire-e357a:testIamPermissions [none]
[debug] [2024-01-27T11:21:42.949Z] >>> [apiv2][(partial)header] POST https://cloudresourcemanager.googleapis.com/v1/projects/ringoffire-e357a:testIamPermissions x-goog-quota-user=projects/ringoffire-e357a
[debug] [2024-01-27T11:21:42.949Z] >>> [apiv2][body] POST https://cloudresourcemanager.googleapis.com/v1/projects/ringoffire-e357a:testIamPermissions {"permissions":["firebase.projects.get"]}
[debug] [2024-01-27T11:21:43.677Z] <<< [apiv2][status] POST https://cloudresourcemanager.googleapis.com/v1/projects/ringoffire-e357a:testIamPermissions 200
[debug] [2024-01-27T11:21:43.678Z] <<< [apiv2][body] POST https://cloudresourcemanager.googleapis.com/v1/projects/ringoffire-e357a:testIamPermissions {"permissions":["firebase.projects.get"]}
[debug] [2024-01-27T11:21:43.678Z] >>> [apiv2][query] GET https://firebase.googleapis.com/v1beta1/projects/ringoffire-e357a [none]
[debug] [2024-01-27T11:21:44.039Z] <<< [apiv2][status] GET https://firebase.googleapis.com/v1beta1/projects/ringoffire-e357a 200
[debug] [2024-01-27T11:21:44.040Z] <<< [apiv2][body] GET https://firebase.googleapis.com/v1beta1/projects/ringoffire-e357a {"projectId":"ringoffire-e357a","projectNumber":"696382858209","displayName":"ringOfFire","name":"projects/ringoffire-e357a","resources":{"hostingSite":"ringoffire-e357a"},"state":"ACTIVE","etag":"1_f4aa9537-c829-4df1-82e1-4d36b4e40479"}
[info] 
[info] === Serving from 'C:\Users\duaed\Documents\MeineWebProjekte\ringOfFire'...
[info] 
[debug] [2024-01-27T11:21:44.050Z] defaultcredentials: writing to file C:\Users\duaed\AppData\Roaming\firebase\duaedin1_gmail_com_application_default_credentials.json
[debug] [2024-01-27T11:21:44.051Z] >>> [apiv2][query] GET https://firebasehosting.googleapis.com/v1beta1/projects/ringoffire-e357a/sites 
[debug] [2024-01-27T11:21:44.056Z] Setting GAC to C:\Users\duaed\AppData\Roaming\firebase\duaedin1_gmail_com_application_default_credentials.json {"metadata":{"emulator":{"name":"functions"},"message":"Setting GAC to C:\\Users\\duaed\\AppData\\Roaming\\firebase\\duaedin1_gmail_com_application_default_credentials.json"}}
[debug] [2024-01-27T11:21:44.057Z] >>> [apiv2][query] GET https://firebase.googleapis.com/v1beta1/projects/ringoffire-e357a/adminSdkConfig [none]
[debug] [2024-01-27T11:21:44.255Z] <<< [apiv2][status] GET https://firebase.googleapis.com/v1beta1/projects/ringoffire-e357a/adminSdkConfig 200
[debug] [2024-01-27T11:21:44.255Z] <<< [apiv2][body] GET https://firebase.googleapis.com/v1beta1/projects/ringoffire-e357a/adminSdkConfig {"projectId":"ringoffire-e357a","storageBucket":"ringoffire-e357a.appspot.com"}
[debug] [2024-01-27T11:21:45.277Z] <<< [apiv2][status] GET https://firebasehosting.googleapis.com/v1beta1/projects/ringoffire-e357a/sites 200
[debug] [2024-01-27T11:21:45.277Z] <<< [apiv2][body] GET https://firebasehosting.googleapis.com/v1beta1/projects/ringoffire-e357a/sites {"sites":[{"name":"projects/ringoffire-e357a/sites/ringoffire-e357a","defaultUrl":"https://ringoffire-e357a.web.app","appId":"1:696382858209:web:30df4f088dd7655407e8a0","type":"DEFAULT_SITE"}]}
[debug] [2024-01-27T11:21:45.277Z] >>> [apiv2][query] GET https://firebase.googleapis.com/v1beta1/projects/ringoffire-e357a/webApps/1:696382858209:web:30df4f088dd7655407e8a0/config [none]
[debug] [2024-01-27T11:21:45.837Z] <<< [apiv2][status] GET https://firebase.googleapis.com/v1beta1/projects/ringoffire-e357a/webApps/1:696382858209:web:30df4f088dd7655407e8a0/config 200
[debug] [2024-01-27T11:21:45.837Z] <<< [apiv2][body] GET https://firebase.googleapis.com/v1beta1/projects/ringoffire-e357a/webApps/1:696382858209:web:30df4f088dd7655407e8a0/config {"projectId":"ringoffire-e357a","appId":"1:696382858209:web:30df4f088dd7655407e8a0","storageBucket":"ringoffire-e357a.appspot.com","apiKey":"AIzaSyAT7TdIwnLQ6qSh0jXXe7dXCqKvZz4bapk","authDomain":"ringoffire-e357a.firebaseapp.com","messagingSenderId":"696382858209"}
[debug] [2024-01-27T11:21:45.842Z] >>> [apiv2][query] GET https://firebase.googleapis.com/v1beta1/projects/ringoffire-e357a [none]
[debug] [2024-01-27T11:21:46.034Z] <<< [apiv2][status] GET https://firebase.googleapis.com/v1beta1/projects/ringoffire-e357a 200
[debug] [2024-01-27T11:21:46.034Z] <<< [apiv2][body] GET https://firebase.googleapis.com/v1beta1/projects/ringoffire-e357a {"projectId":"ringoffire-e357a","projectNumber":"696382858209","displayName":"ringOfFire","name":"projects/ringoffire-e357a","resources":{"hostingSite":"ringoffire-e357a"},"state":"ACTIVE","etag":"1_f4aa9537-c829-4df1-82e1-4d36b4e40479"}
[info] i  functions: Watching "C:\Users\duaed\Documents\MeineWebProjekte\ringOfFire\functions" for Cloud Functions... {"metadata":{"emulator":{"name":"functions"},"message":"Watching \"C:\\Users\\duaed\\Documents\\MeineWebProjekte\\ringOfFire\\functions\" for Cloud Functions..."}}
[info] i  hosting[ringoffire-e357a]: Serving hosting files from: public {"metadata":{"emulator":{"name":"hosting"},"message":"Serving hosting files from: \u001b[1mpublic\u001b[22m"}}
[info] +  hosting[ringoffire-e357a]: Local server: http://localhost:5000 {"metadata":{"emulator":{"name":"hosting"},"message":"Local server: \u001b[4m\u001b[1mhttp://localhost:5000\u001b[22m\u001b[24m"}}
[debug] [2024-01-27T11:21:46.053Z] Validating nodejs source
[debug] [2024-01-27T11:21:48.431Z] > [functions] package.json contents: {
  "name": "functions",
  "scripts": {
    "build": "tsc",
    "build:watch": "tsc --watch",
    "serve": "npm run build && firebase emulators:start --only functions",
    "shell": "npm run build && firebase functions:shell",
    "start": "npm run shell",
    "deploy": "firebase deploy --only functions",
    "logs": "firebase functions:log"
  },
  "engines": {
    "node": "18"
  },
  "main": "lib/index.js",
  "dependencies": {
    "firebase-admin": "^11.8.0",
    "firebase-functions": "^4.3.1"
  },
  "devDependencies": {
    "typescript": "^4.9.0",
    "firebase-functions-test": "^3.1.0"
  },
  "private": true
}
[error] !!  functions: Failed to load function definition from source: FirebaseError: There was an error reading functions\package.json:

 functions\lib\index.js does not exist, can't deploy Cloud Functions {"metadata":{"emulator":{"name":"functions"},"message":"Failed to load function definition from source: FirebaseError: There was an error reading functions\\package.json:\n\n functions\\lib\\index.js does not exist, can't deploy Cloud Functions"}}
[debug] [2024-01-27T11:24:21.336Z] ----------------------------------------------------------------------
[debug] [2024-01-27T11:24:21.339Z] Command:       C:\Program Files\nodejs\node.exe C:\Users\duaed\AppData\Roaming\npm\node_modules\firebase-tools\lib\bin\firebase.js serve
[debug] [2024-01-27T11:24:21.339Z] CLI Version:   13.1.0
[debug] [2024-01-27T11:24:21.339Z] Platform:      win32
[debug] [2024-01-27T11:24:21.340Z] Node Version:  v20.11.0
[debug] [2024-01-27T11:24:21.340Z] Time:          Sat Jan 27 2024 12:24:21 GMT+0100 (Central European Standard Time)
[debug] [2024-01-27T11:24:21.340Z] ----------------------------------------------------------------------
[debug] 
[debug] [2024-01-27T11:24:21.456Z] > command requires scopes: ["email","openid","https://www.googleapis.com/auth/cloudplatformprojects.readonly","https://www.googleapis.com/auth/firebase","https://www.googleapis.com/auth/cloud-platform"]
[debug] [2024-01-27T11:24:21.461Z] > authorizing via signed-in user (duaedin1@gmail.com)
[debug] [2024-01-27T11:24:21.461Z] [iam] checking project ringoffire-e357a for permissions ["firebase.projects.get"]
[debug] [2024-01-27T11:24:21.463Z] >>> [apiv2][query] POST https://cloudresourcemanager.googleapis.com/v1/projects/ringoffire-e357a:testIamPermissions [none]
[debug] [2024-01-27T11:24:21.464Z] >>> [apiv2][(partial)header] POST https://cloudresourcemanager.googleapis.com/v1/projects/ringoffire-e357a:testIamPermissions x-goog-quota-user=projects/ringoffire-e357a
[debug] [2024-01-27T11:24:21.464Z] >>> [apiv2][body] POST https://cloudresourcemanager.googleapis.com/v1/projects/ringoffire-e357a:testIamPermissions {"permissions":["firebase.projects.get"]}
[debug] [2024-01-27T11:24:22.168Z] <<< [apiv2][status] POST https://cloudresourcemanager.googleapis.com/v1/projects/ringoffire-e357a:testIamPermissions 200
[debug] [2024-01-27T11:24:22.168Z] <<< [apiv2][body] POST https://cloudresourcemanager.googleapis.com/v1/projects/ringoffire-e357a:testIamPermissions {"permissions":["firebase.projects.get"]}
[debug] [2024-01-27T11:24:22.169Z] >>> [apiv2][query] GET https://firebase.googleapis.com/v1beta1/projects/ringoffire-e357a [none]
[debug] [2024-01-27T11:24:22.437Z] <<< [apiv2][status] GET https://firebase.googleapis.com/v1beta1/projects/ringoffire-e357a 200
[debug] [2024-01-27T11:24:22.437Z] <<< [apiv2][body] GET https://firebase.googleapis.com/v1beta1/projects/ringoffire-e357a {"projectId":"ringoffire-e357a","projectNumber":"696382858209","displayName":"ringOfFire","name":"projects/ringoffire-e357a","resources":{"hostingSite":"ringoffire-e357a"},"state":"ACTIVE","etag":"1_f4aa9537-c829-4df1-82e1-4d36b4e40479"}
[info] 
[info] === Serving from 'C:\Users\duaed\Documents\MeineWebProjekte\ringOfFire'...
[info] 
[debug] [2024-01-27T11:24:22.444Z] defaultcredentials: writing to file C:\Users\duaed\AppData\Roaming\firebase\duaedin1_gmail_com_application_default_credentials.json
[debug] [2024-01-27T11:24:22.444Z] >>> [apiv2][query] GET https://firebasehosting.googleapis.com/v1beta1/projects/ringoffire-e357a/sites 
[debug] [2024-01-27T11:24:22.450Z] Setting GAC to C:\Users\duaed\AppData\Roaming\firebase\duaedin1_gmail_com_application_default_credentials.json {"metadata":{"emulator":{"name":"functions"},"message":"Setting GAC to C:\\Users\\duaed\\AppData\\Roaming\\firebase\\duaedin1_gmail_com_application_default_credentials.json"}}
[debug] [2024-01-27T11:24:22.451Z] >>> [apiv2][query] GET https://firebase.googleapis.com/v1beta1/projects/ringoffire-e357a/adminSdkConfig [none]
[debug] [2024-01-27T11:24:22.638Z] <<< [apiv2][status] GET https://firebase.googleapis.com/v1beta1/projects/ringoffire-e357a/adminSdkConfig 200
[debug] [2024-01-27T11:24:22.638Z] <<< [apiv2][body] GET https://firebase.googleapis.com/v1beta1/projects/ringoffire-e357a/adminSdkConfig {"projectId":"ringoffire-e357a","storageBucket":"ringoffire-e357a.appspot.com"}
[debug] [2024-01-27T11:24:23.569Z] <<< [apiv2][status] GET https://firebasehosting.googleapis.com/v1beta1/projects/ringoffire-e357a/sites 200
[debug] [2024-01-27T11:24:23.569Z] <<< [apiv2][body] GET https://firebasehosting.googleapis.com/v1beta1/projects/ringoffire-e357a/sites {"sites":[{"name":"projects/ringoffire-e357a/sites/ringoffire-e357a","defaultUrl":"https://ringoffire-e357a.web.app","appId":"1:696382858209:web:30df4f088dd7655407e8a0","type":"DEFAULT_SITE"}]}
[debug] [2024-01-27T11:24:23.569Z] >>> [apiv2][query] GET https://firebase.googleapis.com/v1beta1/projects/ringoffire-e357a/webApps/1:696382858209:web:30df4f088dd7655407e8a0/config [none]
[debug] [2024-01-27T11:24:24.164Z] <<< [apiv2][status] GET https://firebase.googleapis.com/v1beta1/projects/ringoffire-e357a/webApps/1:696382858209:web:30df4f088dd7655407e8a0/config 200
[debug] [2024-01-27T11:24:24.164Z] <<< [apiv2][body] GET https://firebase.googleapis.com/v1beta1/projects/ringoffire-e357a/webApps/1:696382858209:web:30df4f088dd7655407e8a0/config {"projectId":"ringoffire-e357a","appId":"1:696382858209:web:30df4f088dd7655407e8a0","storageBucket":"ringoffire-e357a.appspot.com","apiKey":"AIzaSyAT7TdIwnLQ6qSh0jXXe7dXCqKvZz4bapk","authDomain":"ringoffire-e357a.firebaseapp.com","messagingSenderId":"696382858209"}
[debug] [2024-01-27T11:24:24.170Z] >>> [apiv2][query] GET https://firebase.googleapis.com/v1beta1/projects/ringoffire-e357a [none]
[debug] [2024-01-27T11:24:24.367Z] <<< [apiv2][status] GET https://firebase.googleapis.com/v1beta1/projects/ringoffire-e357a 200
[debug] [2024-01-27T11:24:24.367Z] <<< [apiv2][body] GET https://firebase.googleapis.com/v1beta1/projects/ringoffire-e357a {"projectId":"ringoffire-e357a","projectNumber":"696382858209","displayName":"ringOfFire","name":"projects/ringoffire-e357a","resources":{"hostingSite":"ringoffire-e357a"},"state":"ACTIVE","etag":"1_f4aa9537-c829-4df1-82e1-4d36b4e40479"}
[info] i  functions: Watching "C:\Users\duaed\Documents\MeineWebProjekte\ringOfFire\functions" for Cloud Functions... {"metadata":{"emulator":{"name":"functions"},"message":"Watching \"C:\\Users\\duaed\\Documents\\MeineWebProjekte\\ringOfFire\\functions\" for Cloud Functions..."}}
[info] i  hosting[ringoffire-e357a]: Serving hosting files from: public {"metadata":{"emulator":{"name":"hosting"},"message":"Serving hosting files from: \u001b[1mpublic\u001b[22m"}}
[info] +  hosting[ringoffire-e357a]: Local server: http://localhost:5000 {"metadata":{"emulator":{"name":"hosting"},"message":"Local server: \u001b[4m\u001b[1mhttp://localhost:5000\u001b[22m\u001b[24m"}}
[debug] [2024-01-27T11:24:24.385Z] Validating nodejs source
[debug] [2024-01-27T11:24:25.861Z] > [functions] package.json contents: {
  "name": "functions",
  "scripts": {
    "build": "tsc",
    "build:watch": "tsc --watch",
    "serve": "npm run build && firebase emulators:start --only functions",
    "shell": "npm run build && firebase functions:shell",
    "start": "npm run shell",
    "deploy": "firebase deploy --only functions",
    "logs": "firebase functions:log"
  },
  "engines": {
    "node": "18"
  },
  "main": "lib/index.js",
  "dependencies": {
    "firebase-admin": "^11.8.0",
    "firebase-functions": "^4.3.1"
  },
  "devDependencies": {
    "typescript": "^4.9.0",
    "firebase-functions-test": "^3.1.0"
  },
  "private": true
}
[error] !!  functions: Failed to load function definition from source: FirebaseError: There was an error reading functions\package.json:

 functions\lib\index.js does not exist, can't deploy Cloud Functions {"metadata":{"emulator":{"name":"functions"},"message":"Failed to load function definition from source: FirebaseError: There was an error reading functions\\package.json:\n\n functions\\lib\\index.js does not exist, can't deploy Cloud Functions"}}
